  DelimiterVarSize_Register.cpp
c:\users\rodri\downloads\new folder\attachments\delimitervarsize_register.cpp(1): fatal error C1083: Cannot open include file: 'DelimiterVarSize_Register.h': No such file or directory
  KnownVarSize.cpp
c:\users\rodri\downloads\new folder\attachments\knownvarsize.cpp(31): error C4996: 'strtok': This function or variable may be unsafe. Consider using strtok_s instead. To disable deprecation, use _CRT_SECURE_NO_WARNINGS. See online help for details.
  c:\program files (x86)\windows kits\10\include\10.0.17763.0\ucrt\string.h(440): note: see declaration of 'strtok'
c:\users\rodri\downloads\new folder\attachments\knownvarsize.cpp(35): error C4996: 'strtok': This function or variable may be unsafe. Consider using strtok_s instead. To disable deprecation, use _CRT_SECURE_NO_WARNINGS. See online help for details.
  c:\program files (x86)\windows kits\10\include\10.0.17763.0\ucrt\string.h(440): note: see declaration of 'strtok'
c:\users\rodri\downloads\new folder\attachments\knownvarsize.cpp(56): error C3867: 'DataFile::abrir': non-standard syntax; use '&' to create a pointer to member
c:\users\rodri\downloads\new folder\attachments\knownvarsize.cpp(65): warning C4244: 'argument': conversion from 'double' to 'int', possible loss of data
c:\users\rodri\downloads\new folder\attachments\knownvarsize.cpp(73): error C3867: 'DataFile::abrir': non-standard syntax; use '&' to create a pointer to member
c:\users\rodri\downloads\new folder\attachments\knownvarsize.cpp(74): error C3867: 'DataFile::leer': non-standard syntax; use '&' to create a pointer to member
c:\users\rodri\downloads\new folder\attachments\knownvarsize.cpp(77): error C3867: 'DataFile::cerrar': non-standard syntax; use '&' to create a pointer to member
c:\users\rodri\downloads\new folder\attachments\knownvarsize.cpp(84): error C3867: 'DataFile::cerrar': non-standard syntax; use '&' to create a pointer to member
  Main.cpp
c:\users\rodri\desktop\prueba1 estru\prueba1 estru\main.cpp(67): error C2360: initialization of 'pos' is skipped by 'case' label
  c:\users\rodri\desktop\prueba1 estru\prueba1 estru\main.cpp(62): note: see declaration of 'pos'
c:\users\rodri\desktop\prueba1 estru\prueba1 estru\main.cpp(72): error C2360: initialization of 'pos' is skipped by 'case' label
  c:\users\rodri\desktop\prueba1 estru\prueba1 estru\main.cpp(62): note: see declaration of 'pos'
c:\users\rodri\desktop\prueba1 estru\prueba1 estru\main.cpp(76): error C2360: initialization of 'pos' is skipped by 'case' label
  c:\users\rodri\desktop\prueba1 estru\prueba1 estru\main.cpp(62): note: see declaration of 'pos'
c:\users\rodri\desktop\prueba1 estru\prueba1 estru\main.cpp(141): error C2360: initialization of 'pos' is skipped by 'case' label
  c:\users\rodri\desktop\prueba1 estru\prueba1 estru\main.cpp(136): note: see declaration of 'pos'
c:\users\rodri\desktop\prueba1 estru\prueba1 estru\main.cpp(146): error C2360: initialization of 'pos' is skipped by 'case' label
  c:\users\rodri\desktop\prueba1 estru\prueba1 estru\main.cpp(136): note: see declaration of 'pos'
c:\users\rodri\desktop\prueba1 estru\prueba1 estru\main.cpp(150): error C2360: initialization of 'pos' is skipped by 'case' label
  c:\users\rodri\desktop\prueba1 estru\prueba1 estru\main.cpp(136): note: see declaration of 'pos'
c:\users\rodri\desktop\prueba1 estru\prueba1 estru\main.cpp(215): error C2360: initialization of 'pos' is skipped by 'case' label
  c:\users\rodri\desktop\prueba1 estru\prueba1 estru\main.cpp(210): note: see declaration of 'pos'
c:\users\rodri\desktop\prueba1 estru\prueba1 estru\main.cpp(220): error C2360: initialization of 'pos' is skipped by 'case' label
  c:\users\rodri\desktop\prueba1 estru\prueba1 estru\main.cpp(210): note: see declaration of 'pos'
c:\users\rodri\desktop\prueba1 estru\prueba1 estru\main.cpp(224): error C2360: initialization of 'pos' is skipped by 'case' label
  c:\users\rodri\desktop\prueba1 estru\prueba1 estru\main.cpp(210): note: see declaration of 'pos'
  Generating Code...
